<?xml version="1.0" encoding="UTF-8"?>
<testsuite name="ChatServiceTest" tests="3" skipped="0" failures="0" errors="0" timestamp="2024-04-08T14:29:36" hostname="K-K-K" time="0.021">
  <properties/>
  <testcase name="testAddMessage" classname="ChatServiceTest" time="0.003"/>
  <testcase name="testGetLastMessage" classname="ChatServiceTest" time="0.018"/>
  <testcase name="testGetMessages" classname="ChatServiceTest" time="0.0"/>
  <system-out><![CDATA[]]></system-out>
  <system-err><![CDATA[]]></system-err>
</testsuite>
