<?xml version="1.0" encoding="UTF-8"?>
<testsuite name="ChatServiceTest" tests="1" skipped="0" failures="0" errors="0" timestamp="2024-04-08T13:04:01" hostname="K-K-K" time="0.002">
  <properties/>
  <testcase name="testGetMessagesThrowsNoChatException" classname="ChatServiceTest" time="0.002"/>
  <system-out><![CDATA[]]></system-out>
  <system-err><![CDATA[]]></system-err>
</testsuite>
